0 info it worked if it ends with ok
1 verbose cli [ 'C:\\Program Files\\nodejs\\node.exe',
1 verbose cli   'C:\\Program Files\\nodejs\\node_modules\\npm\\bin\\npm-cli.js',
1 verbose cli   'run',
1 verbose cli   'start' ]
2 info using npm@3.10.10
3 info using node@v6.10.1
4 verbose run-script [ 'prestart', 'start', 'poststart' ]
5 info lifecycle sweettweet@1.0.0~prestart: sweettweet@1.0.0
6 silly lifecycle sweettweet@1.0.0~prestart: no script for prestart, continuing
7 info lifecycle sweettweet@1.0.0~start: sweettweet@1.0.0
8 verbose lifecycle sweettweet@1.0.0~start: unsafe-perm in lifecycle true
9 verbose lifecycle sweettweet@1.0.0~start: PATH: C:\Program Files\nodejs\node_modules\npm\bin\node-gyp-bin;C:\Users\Paxton Head\Documents\sweettweet\node_modules\.bin;C:\Program Files\Dell\DW WLAN Card;C:\Program Files (x86)\Intel\iCLS Client\;C:\Program Files\Intel\iCLS Client\;C:\WINDOWS\system32;C:\WINDOWS;C:\WINDOWS\System32\Wbem;C:\WINDOWS\System32\WindowsPowerShell\v1.0\;c:\Program Files\WIDCOMM\Bluetooth Software\;c:\Program Files\WIDCOMM\Bluetooth Software\syswow64;C:\Program Files\Microsoft SQL Server\130\Tools\Binn\;C:\Program Files (x86)\Intel\Intel(R) Management Engine Components\DAL;C:\Program Files\Intel\Intel(R) Management Engine Components\DAL;C:\Program Files (x86)\Intel\Intel(R) Management Engine Components\IPT;C:\Program Files\Intel\Intel(R) Management Engine Components\IPT;C:\Program Files (x86)\Yarn\bin;C:\Program Files\nodejs\;C:\Program Files\Git\cmd;C:\Program Files\PuTTY\;C:\Program Files\Git\bin;C:\Users\Paxton Head\Anaconda3;C:\Users\Paxton Head\Anaconda3\Scripts;C:\Users\Paxton Head\Anaconda3\Library\bin;C:\Users\Paxton Head\AppData\Local\Microsoft\WindowsApps;C:\Users\Paxton Head\AppData\Local\Programs\MiKTeX 2.9\miktex\bin\x64\;C:\Users\Paxton Head\AppData\Local\Yarn\.bin;C:\Users\Paxton Head\AppData\Roaming\npm;C:\Users\Paxton Head\AppData\Local\atom\bin;C:\Program Files\Heroku\bin
10 verbose lifecycle sweettweet@1.0.0~start: CWD: C:\Users\Paxton Head\Documents\sweettweet
11 silly lifecycle sweettweet@1.0.0~start: Args: [ '/d /s /c', 'next start -p $P0RT' ]
12 silly lifecycle sweettweet@1.0.0~start: Returned: code: 1  signal: null
13 info lifecycle sweettweet@1.0.0~start: Failed to exec start script
14 verbose stack Error: sweettweet@1.0.0 start: `next start -p $P0RT`
14 verbose stack Exit status 1
14 verbose stack     at EventEmitter.<anonymous> (C:\Program Files\nodejs\node_modules\npm\lib\utils\lifecycle.js:255:16)
14 verbose stack     at emitTwo (events.js:106:13)
14 verbose stack     at EventEmitter.emit (events.js:191:7)
14 verbose stack     at ChildProcess.<anonymous> (C:\Program Files\nodejs\node_modules\npm\lib\utils\spawn.js:40:14)
14 verbose stack     at emitTwo (events.js:106:13)
14 verbose stack     at ChildProcess.emit (events.js:191:7)
14 verbose stack     at maybeClose (internal/child_process.js:886:16)
14 verbose stack     at Process.ChildProcess._handle.onexit (internal/child_process.js:226:5)
15 verbose pkgid sweettweet@1.0.0
16 verbose cwd C:\Users\Paxton Head\Documents\sweettweet
17 error Windows_NT 10.0.14393
18 error argv "C:\\Program Files\\nodejs\\node.exe" "C:\\Program Files\\nodejs\\node_modules\\npm\\bin\\npm-cli.js" "run" "start"
19 error node v6.10.1
20 error npm  v3.10.10
21 error code ELIFECYCLE
22 error sweettweet@1.0.0 start: `next start -p $P0RT`
22 error Exit status 1
23 error Failed at the sweettweet@1.0.0 start script 'next start -p $P0RT'.
23 error Make sure you have the latest version of node.js and npm installed.
23 error If you do, this is most likely a problem with the sweettweet package,
23 error not with npm itself.
23 error Tell the author that this fails on your system:
23 error     next start -p $P0RT
23 error You can get information on how to open an issue for this project with:
23 error     npm bugs sweettweet
23 error Or if that isn't available, you can get their info via:
23 error     npm owner ls sweettweet
23 error There is likely additional logging output above.
24 verbose exit [ 1, true ]
